  [4;36;1mSQL (0.3ms)[0m   [0;1m SELECT name
 FROM sqlite_master
 WHERE type = 'table' AND NOT name = 'sqlite_sequence'
[0m
  [4;35;1mSQL (0.2ms)[0m   [0mselect sqlite_version(*)[0m
  [4;36;1mSQL (577.5ms)[0m   [0;1mCREATE TABLE "schema_migrations" ("version" varchar(255) NOT NULL) [0m
  [4;35;1mSQL (13.4ms)[0m   [0mCREATE UNIQUE INDEX "unique_schema_migrations" ON "schema_migrations" ("version")[0m
  [4;36;1mSQL (0.4ms)[0m   [0;1m SELECT name
 FROM sqlite_master
 WHERE type = 'table' AND NOT name = 'sqlite_sequence'
[0m
  [4;35;1mSQL (0.3ms)[0m   [0mSELECT version FROM schema_migrations[0m
  [4;36;1mSQL (0.6ms)[0m   [0;1m SELECT name
 FROM sqlite_master
 WHERE type = 'table' AND NOT name = 'sqlite_sequence'
[0m
  [4;35;1mSQL (0.2ms)[0m   [0mSELECT version FROM schema_migrations[0m
  [4;36;1mSQL (0.7ms)[0m   [0;1m SELECT name
 FROM sqlite_master
 WHERE type = 'table' AND NOT name = 'sqlite_sequence'
[0m
  [4;35;1mSQL (0.2ms)[0m   [0mSELECT version FROM schema_migrations[0m
  [4;36;1mSQL (0.8ms)[0m   [0;1m SELECT name
 FROM sqlite_master
 WHERE type = 'table' AND NOT name = 'sqlite_sequence'
[0m
  [4;35;1mSQL (0.4ms)[0m   [0mSELECT version FROM schema_migrations[0m
  [4;36;1mSQL (0.7ms)[0m   [0;1m SELECT name
 FROM sqlite_master
 WHERE type = 'table' AND NOT name = 'sqlite_sequence'
[0m
  [4;35;1mSQL (0.3ms)[0m   [0mselect sqlite_version(*)[0m
  [4;36;1mSQL (0.3ms)[0m   [0;1m SELECT name
 FROM sqlite_master
 WHERE type = 'table' AND NOT name = 'sqlite_sequence'
[0m
  [4;35;1mSQL (0.2ms)[0m   [0mSELECT version FROM schema_migrations[0m
  [4;36;1mSQL (0.3ms)[0m   [0;1m SELECT name
 FROM sqlite_master
 WHERE type = 'table' AND NOT name = 'sqlite_sequence'
[0m
  [4;36;1mSQL (0.5ms)[0m   [0;1m SELECT name
 FROM sqlite_master
 WHERE type = 'table' AND NOT name = 'sqlite_sequence'
[0m
  [4;35;1mSQL (0.2ms)[0m   [0mSELECT version FROM schema_migrations[0m
  [4;36;1mSQL (0.2ms)[0m   [0;1m SELECT name
 FROM sqlite_master
 WHERE type = 'table' AND NOT name = 'sqlite_sequence'
[0m
  [4;35;1mSQL (0.1ms)[0m   [0mselect sqlite_version(*)[0m
  [4;36;1mSQL (204.8ms)[0m   [0;1mCREATE TABLE "schema_migrations" ("version" varchar(255) NOT NULL) [0m
  [4;35;1mSQL (11.7ms)[0m   [0mCREATE UNIQUE INDEX "unique_schema_migrations" ON "schema_migrations" ("version")[0m
  [4;36;1mSQL (1.4ms)[0m   [0;1m SELECT name
 FROM sqlite_master
 WHERE type = 'table' AND NOT name = 'sqlite_sequence'
[0m
  [4;35;1mSQL (0.4ms)[0m   [0mSELECT version FROM "schema_migrations"[0m
  [4;36;1mSQL (17.6ms)[0m   [0;1mINSERT INTO "schema_migrations" (version) VALUES ('0')[0m
  [4;36;1mSQL (0.5ms)[0m   [0;1m SELECT name
 FROM sqlite_master
 WHERE type = 'table' AND NOT name = 'sqlite_sequence'
[0m
  [4;35;1mSQL (0.1ms)[0m   [0mSELECT version FROM schema_migrations[0m
  [4;36;1mSQL (0.2ms)[0m   [0;1m SELECT name
 FROM sqlite_master
 WHERE type = 'table' AND NOT name = 'sqlite_sequence'
[0m
  [4;35;1mSQL (0.1ms)[0m   [0mselect sqlite_version(*)[0m
  [4;36;1mSQL (375.5ms)[0m   [0;1mCREATE TABLE "schema_migrations" ("version" varchar(255) NOT NULL) [0m
  [4;35;1mSQL (52.6ms)[0m   [0mCREATE UNIQUE INDEX "unique_schema_migrations" ON "schema_migrations" ("version")[0m
  [4;36;1mSQL (0.4ms)[0m   [0;1m SELECT name
 FROM sqlite_master
 WHERE type = 'table' AND NOT name = 'sqlite_sequence'
[0m
  [4;35;1mSQL (0.2ms)[0m   [0mSELECT version FROM "schema_migrations"[0m
  [4;36;1mSQL (6.0ms)[0m   [0;1mINSERT INTO "schema_migrations" (version) VALUES ('0')[0m
  [4;36;1mSQL (0.6ms)[0m   [0;1m SELECT name
 FROM sqlite_master
 WHERE type = 'table' AND NOT name = 'sqlite_sequence'
[0m
  [4;35;1mSQL (0.2ms)[0m   [0mSELECT version FROM schema_migrations[0m
  [4;36;1mSQL (0.2ms)[0m   [0;1m SELECT name
 FROM sqlite_master
 WHERE type = 'table' AND NOT name = 'sqlite_sequence'
[0m
  [4;35;1mSQL (0.1ms)[0m   [0mselect sqlite_version(*)[0m
  [4;36;1mSQL (463.7ms)[0m   [0;1mCREATE TABLE "schema_migrations" ("version" varchar(255) NOT NULL) [0m
  [4;35;1mSQL (71.5ms)[0m   [0mCREATE UNIQUE INDEX "unique_schema_migrations" ON "schema_migrations" ("version")[0m
  [4;36;1mSQL (0.4ms)[0m   [0;1m SELECT name
 FROM sqlite_master
 WHERE type = 'table' AND NOT name = 'sqlite_sequence'
[0m
  [4;35;1mSQL (0.2ms)[0m   [0mSELECT version FROM "schema_migrations"[0m
  [4;36;1mSQL (48.5ms)[0m   [0;1mINSERT INTO "schema_migrations" (version) VALUES ('0')[0m
  [4;36;1mSQL (0.6ms)[0m   [0;1m SELECT name
 FROM sqlite_master
 WHERE type = 'table' AND NOT name = 'sqlite_sequence'
[0m
  [4;35;1mSQL (0.2ms)[0m   [0mSELECT version FROM schema_migrations[0m
  [4;36;1mSQL (0.2ms)[0m   [0;1m SELECT name
 FROM sqlite_master
 WHERE type = 'table' AND NOT name = 'sqlite_sequence'
[0m
  [4;35;1mSQL (0.1ms)[0m   [0mselect sqlite_version(*)[0m
  [4;36;1mSQL (936.6ms)[0m   [0;1mCREATE TABLE "schema_migrations" ("version" varchar(255) NOT NULL) [0m
  [4;35;1mSQL (12.0ms)[0m   [0mCREATE UNIQUE INDEX "unique_schema_migrations" ON "schema_migrations" ("version")[0m
  [4;36;1mSQL (0.5ms)[0m   [0;1m SELECT name
 FROM sqlite_master
 WHERE type = 'table' AND NOT name = 'sqlite_sequence'
[0m
  [4;35;1mSQL (0.3ms)[0m   [0mSELECT version FROM "schema_migrations"[0m
  [4;36;1mSQL (11.9ms)[0m   [0;1mINSERT INTO "schema_migrations" (version) VALUES ('0')[0m


Processing Rails::InfoController#properties (for 127.0.0.1 at 2009-10-16 23:07:24) [GET]
  [4;36;1mSQL (1.5ms)[0m   [0;1m SELECT name
 FROM sqlite_master
 WHERE type = 'table' AND NOT name = 'sqlite_sequence'
[0m
  [4;35;1mSQL (0.5ms)[0m   [0mSELECT version FROM schema_migrations[0m
Completed in 820ms (View: 56, DB: 2) | 200 OK [http://localhost/rails/info/properties]


Processing ApplicationController#index (for 127.0.0.1 at 2009-10-16 23:12:31) [GET]

ActionController::RoutingError (No route matches "/" with {:method=>:get}):
  <internal:prelude>:8:in `synchronize'
  /usr/local/lib/ruby/1.9.1/webrick/httpserver.rb:111:in `service'
  /usr/local/lib/ruby/1.9.1/webrick/httpserver.rb:70:in `run'
  /usr/local/lib/ruby/1.9.1/webrick/server.rb:183:in `block in start_thread'

Rendering rescues/layout (not_found)


Processing ApplicationController#index (for 127.0.0.1 at 2009-10-16 23:24:23) [GET]

ActionController::RoutingError (No route matches "/" with {:method=>:get}):
  <internal:prelude>:8:in `synchronize'
  /usr/local/lib/ruby/1.9.1/webrick/httpserver.rb:111:in `service'
  /usr/local/lib/ruby/1.9.1/webrick/httpserver.rb:70:in `run'
  /usr/local/lib/ruby/1.9.1/webrick/server.rb:183:in `block in start_thread'

Rendering rescues/layout (not_found)


Processing DonationsController#new (for 127.0.0.1 at 2009-10-16 23:35:52) [GET]

ActionView::MissingTemplate (Missing template donations/new.erb in view path app/views):
  <internal:prelude>:8:in `synchronize'
  /usr/local/lib/ruby/1.9.1/webrick/httpserver.rb:111:in `service'
  /usr/local/lib/ruby/1.9.1/webrick/httpserver.rb:70:in `run'
  /usr/local/lib/ruby/1.9.1/webrick/server.rb:183:in `block in start_thread'

Rendering rescues/layout (internal_server_error)


Processing DonationsController#new (for 127.0.0.1 at 2009-10-16 23:39:14) [GET]
Rendering donations/new
Completed in 410ms (View: 409, DB: 0) | 200 OK [http://localhost/]
  [4;36;1mSQL (0.6ms)[0m   [0;1m SELECT name
 FROM sqlite_master
 WHERE type = 'table' AND NOT name = 'sqlite_sequence'
[0m
  [4;35;1mSQL (0.2ms)[0m   [0mSELECT version FROM schema_migrations[0m
  [4;36;1mSQL (0.2ms)[0m   [0;1m SELECT name
 FROM sqlite_master
 WHERE type = 'table' AND NOT name = 'sqlite_sequence'
[0m
  [4;35;1mSQL (0.1ms)[0m   [0mselect sqlite_version(*)[0m
  [4;36;1mSQL (122.6ms)[0m   [0;1mCREATE TABLE "schema_migrations" ("version" varchar(255) NOT NULL) [0m
  [4;35;1mSQL (100.3ms)[0m   [0mCREATE UNIQUE INDEX "unique_schema_migrations" ON "schema_migrations" ("version")[0m
  [4;36;1mSQL (0.3ms)[0m   [0;1m SELECT name
 FROM sqlite_master
 WHERE type = 'table' AND NOT name = 'sqlite_sequence'
[0m
  [4;35;1mSQL (0.2ms)[0m   [0mSELECT version FROM "schema_migrations"[0m
  [4;36;1mSQL (48.0ms)[0m   [0;1mINSERT INTO "schema_migrations" (version) VALUES ('0')[0m
  [4;36;1mSQL (0.5ms)[0m   [0;1m SELECT name
 FROM sqlite_master
 WHERE type = 'table' AND NOT name = 'sqlite_sequence'
[0m
  [4;35;1mSQL (0.4ms)[0m   [0mSELECT version FROM schema_migrations[0m
  [4;36;1mSQL (0.2ms)[0m   [0;1m SELECT name
 FROM sqlite_master
 WHERE type = 'table' AND NOT name = 'sqlite_sequence'
[0m
  [4;35;1mSQL (0.1ms)[0m   [0mselect sqlite_version(*)[0m
  [4;36;1mSQL (988.6ms)[0m   [0;1mCREATE TABLE "schema_migrations" ("version" varchar(255) NOT NULL) [0m
  [4;35;1mSQL (80.5ms)[0m   [0mCREATE UNIQUE INDEX "unique_schema_migrations" ON "schema_migrations" ("version")[0m
  [4;36;1mSQL (0.4ms)[0m   [0;1m SELECT name
 FROM sqlite_master
 WHERE type = 'table' AND NOT name = 'sqlite_sequence'
[0m
  [4;35;1mSQL (0.2ms)[0m   [0mSELECT version FROM "schema_migrations"[0m
  [4;36;1mSQL (2802.5ms)[0m   [0;1mINSERT INTO "schema_migrations" (version) VALUES ('0')[0m
  [4;36;1mSQL (1.1ms)[0m   [0;1m SELECT name
 FROM sqlite_master
 WHERE type = 'table' AND NOT name = 'sqlite_sequence'
[0m
  [4;35;1mSQL (0.2ms)[0m   [0mSELECT version FROM schema_migrations[0m
  [4;36;1mSQL (0.2ms)[0m   [0;1m SELECT name
 FROM sqlite_master
 WHERE type = 'table' AND NOT name = 'sqlite_sequence'
[0m
  [4;35;1mSQL (0.1ms)[0m   [0mselect sqlite_version(*)[0m
  [4;36;1mSQL (309.7ms)[0m   [0;1mCREATE TABLE "schema_migrations" ("version" varchar(255) NOT NULL) [0m
  [4;35;1mSQL (34.8ms)[0m   [0mCREATE UNIQUE INDEX "unique_schema_migrations" ON "schema_migrations" ("version")[0m
  [4;36;1mSQL (0.4ms)[0m   [0;1m SELECT name
 FROM sqlite_master
 WHERE type = 'table' AND NOT name = 'sqlite_sequence'
[0m
  [4;35;1mSQL (0.2ms)[0m   [0mSELECT version FROM "schema_migrations"[0m
  [4;36;1mSQL (31.3ms)[0m   [0;1mINSERT INTO "schema_migrations" (version) VALUES ('0')[0m
  [4;36;1mSQL (0.4ms)[0m   [0;1m SELECT name
 FROM sqlite_master
 WHERE type = 'table' AND NOT name = 'sqlite_sequence'
[0m
  [4;35;1mSQL (0.1ms)[0m   [0mSELECT version FROM schema_migrations[0m
  [4;36;1mSQL (0.2ms)[0m   [0;1m SELECT name
 FROM sqlite_master
 WHERE type = 'table' AND NOT name = 'sqlite_sequence'
[0m
  [4;35;1mSQL (0.1ms)[0m   [0mselect sqlite_version(*)[0m
  [4;36;1mSQL (31.2ms)[0m   [0;1mCREATE TABLE "schema_migrations" ("version" varchar(255) NOT NULL) [0m
  [4;35;1mSQL (17.6ms)[0m   [0mCREATE UNIQUE INDEX "unique_schema_migrations" ON "schema_migrations" ("version")[0m
  [4;36;1mSQL (0.2ms)[0m   [0;1m SELECT name
 FROM sqlite_master
 WHERE type = 'table' AND NOT name = 'sqlite_sequence'
[0m
  [4;35;1mSQL (0.1ms)[0m   [0mSELECT version FROM "schema_migrations"[0m
  [4;36;1mSQL (14.8ms)[0m   [0;1mINSERT INTO "schema_migrations" (version) VALUES ('0')[0m
  [4;36;1mSQL (0.4ms)[0m   [0;1m SELECT name
 FROM sqlite_master
 WHERE type = 'table' AND NOT name = 'sqlite_sequence'
[0m
  [4;35;1mSQL (0.1ms)[0m   [0mSELECT version FROM schema_migrations[0m
  [4;36;1mSQL (0.2ms)[0m   [0;1m SELECT name
 FROM sqlite_master
 WHERE type = 'table' AND NOT name = 'sqlite_sequence'
[0m
  [4;35;1mSQL (0.1ms)[0m   [0mselect sqlite_version(*)[0m
  [4;36;1mSQL (405.7ms)[0m   [0;1mCREATE TABLE "schema_migrations" ("version" varchar(255) NOT NULL) [0m
  [4;35;1mSQL (31.3ms)[0m   [0mCREATE UNIQUE INDEX "unique_schema_migrations" ON "schema_migrations" ("version")[0m
  [4;36;1mSQL (0.4ms)[0m   [0;1m SELECT name
 FROM sqlite_master
 WHERE type = 'table' AND NOT name = 'sqlite_sequence'
[0m
  [4;35;1mSQL (0.2ms)[0m   [0mSELECT version FROM "schema_migrations"[0m
  [4;36;1mSQL (11.8ms)[0m   [0;1mINSERT INTO "schema_migrations" (version) VALUES ('0')[0m


Processing DonationsController#new (for 127.0.0.1 at 2009-10-24 12:16:12) [GET]

ActionView::MissingTemplate (Missing template donations/new.erb in view path app/views):
  <internal:prelude>:8:in `synchronize'
  /usr/local/lib/ruby/1.9.1/webrick/httpserver.rb:111:in `service'
  /usr/local/lib/ruby/1.9.1/webrick/httpserver.rb:70:in `run'
  /usr/local/lib/ruby/1.9.1/webrick/server.rb:183:in `block in start_thread'

Rendering rescues/layout (internal_server_error)


Processing DonationsController#new (for 127.0.0.1 at 2009-10-24 12:17:21) [GET]

ActionView::MissingTemplate (Missing template donations/new.erb in view path app/views):
  <internal:prelude>:8:in `synchronize'
  /usr/local/lib/ruby/1.9.1/webrick/httpserver.rb:111:in `service'
  /usr/local/lib/ruby/1.9.1/webrick/httpserver.rb:70:in `run'
  /usr/local/lib/ruby/1.9.1/webrick/server.rb:183:in `block in start_thread'

Rendering rescues/layout (internal_server_error)


Processing DonationsController#new (for 127.0.0.1 at 2009-10-24 12:17:50) [GET]
Rendering donations/new

ActionView::TemplateError (The line was indented 2 levels deeper than the previous line.) on line #5 of app/views/donations/new.haml:
2:   %body
3:     %h1 Support Escape Artists!
4:     -form_for @donation do |form|
5:         =form.label "Amount", :for => :amount

    app/views/donations/new.haml:5
    haml (2.2.8) lib/haml/precompiler.rb:171:in `precompile'
    haml (2.2.8) lib/haml/engine.rb:113:in `initialize'
    haml (2.2.8) lib/haml/template/plugin.rb:21:in `new'
    haml (2.2.8) lib/haml/template/plugin.rb:21:in `compile'
    haml (2.2.8) lib/haml/helpers/action_view_mods.rb:13:in `render_with_haml'
    haml (2.2.8) lib/sass/plugin/rails.rb:19:in `process'
    <internal:prelude>:8:in `synchronize'
    /usr/local/lib/ruby/1.9.1/webrick/httpserver.rb:111:in `service'
    /usr/local/lib/ruby/1.9.1/webrick/httpserver.rb:70:in `run'
    /usr/local/lib/ruby/1.9.1/webrick/server.rb:183:in `block in start_thread'

Rendered rescues/_trace (86.4ms)
Rendered rescues/_request_and_response (1.1ms)
Rendering rescues/layout (internal_server_error)


Processing DonationsController#new (for 127.0.0.1 at 2009-10-24 12:18:30) [GET]
Rendering donations/new

ActionView::TemplateError (Called id for nil, which would mistakenly be 4 -- if you really wanted the id of nil, use object_id) on line #4 of app/views/donations/new.haml:
1: %html
2:   %body
3:     %h1 Support Escape Artists!
4:     -form_for @donation do |form|
5:       =form.label "Amount", :for => :amount

    haml (2.2.8) lib/haml/helpers/action_view_mods.rb:169:in `form_for_with_haml'
    app/views/donations/new.haml:4:in `_run_haml_app47views47donations47new46haml'
    haml (2.2.8) lib/haml/helpers/action_view_mods.rb:13:in `render_with_haml'
    haml (2.2.8) lib/sass/plugin/rails.rb:19:in `process'
    <internal:prelude>:8:in `synchronize'
    /usr/local/lib/ruby/1.9.1/webrick/httpserver.rb:111:in `service'
    /usr/local/lib/ruby/1.9.1/webrick/httpserver.rb:70:in `run'
    /usr/local/lib/ruby/1.9.1/webrick/server.rb:183:in `block in start_thread'

Rendered rescues/_trace (64.7ms)
Rendered rescues/_request_and_response (0.3ms)
Rendering rescues/layout (internal_server_error)


Processing DonationsController#new (for 127.0.0.1 at 2009-10-24 12:29:22) [GET]

NameError (uninitialized constant DonationsController::Donation):
  app/controllers/donations_controller.rb:12:in `new'
  haml (2.2.8) lib/sass/plugin/rails.rb:19:in `process'
  <internal:prelude>:8:in `synchronize'
  /usr/local/lib/ruby/1.9.1/webrick/httpserver.rb:111:in `service'
  /usr/local/lib/ruby/1.9.1/webrick/httpserver.rb:70:in `run'
  /usr/local/lib/ruby/1.9.1/webrick/server.rb:183:in `block in start_thread'

Rendered rescues/_trace (45.6ms)
Rendered rescues/_request_and_response (0.3ms)
Rendering rescues/layout (internal_server_error)
  [4;36;1mSQL (0.4ms)[0m   [0;1m SELECT name
 FROM sqlite_master
 WHERE type = 'table' AND NOT name = 'sqlite_sequence'
[0m
  [4;35;1mSQL (0.1ms)[0m   [0mSELECT version FROM schema_migrations[0m
  [4;36;1mSQL (0.4ms)[0m   [0;1m SELECT name
 FROM sqlite_master
 WHERE type = 'table' AND NOT name = 'sqlite_sequence'
[0m
  [4;35;1mSQL (0.1ms)[0m   [0mSELECT version FROM schema_migrations[0m
Migrating to CreateDonations (20091024164002)
  [4;36;1mSQL (0.1ms)[0m   [0;1mselect sqlite_version(*)[0m
  [4;35;1mSQL (0.6ms)[0m   [0mCREATE TABLE "donations" ("id" INTEGER PRIMARY KEY AUTOINCREMENT NOT NULL, "amount_cents" integer, "name" varchar(255), "email" varchar(255), "escape_pod" boolean, "pseudopod" boolean, "podcastle" boolean, "recurring" boolean, "created_at" datetime, "updated_at" datetime) [0m
  [4;36;1mSQL (0.1ms)[0m   [0;1mINSERT INTO schema_migrations (version) VALUES ('20091024164002')[0m
  [4;35;1mSQL (0.4ms)[0m   [0m SELECT name
 FROM sqlite_master
 WHERE type = 'table' AND NOT name = 'sqlite_sequence'
[0m
  [4;36;1mSQL (0.1ms)[0m   [0;1mSELECT version FROM schema_migrations[0m
  [4;35;1mSQL (0.2ms)[0m   [0m SELECT name
 FROM sqlite_master
 WHERE type = 'table' AND NOT name = 'sqlite_sequence'
[0m
  [4;36;1mSQL (0.1ms)[0m   [0;1mPRAGMA index_list("donations")[0m
  [4;36;1mSQL (0.5ms)[0m   [0;1m SELECT name
 FROM sqlite_master
 WHERE type = 'table' AND NOT name = 'sqlite_sequence'
[0m
  [4;35;1mSQL (0.2ms)[0m   [0mSELECT version FROM schema_migrations[0m
  [4;36;1mSQL (0.1ms)[0m   [0;1mselect sqlite_version(*)[0m
  [4;35;1mSQL (0.2ms)[0m   [0m SELECT name
 FROM sqlite_master
 WHERE type = 'table' AND NOT name = 'sqlite_sequence'
[0m
  [4;36;1mSQL (364.9ms)[0m   [0;1mCREATE TABLE "donations" ("id" INTEGER PRIMARY KEY AUTOINCREMENT NOT NULL, "amount_cents" integer, "name" varchar(255), "email" varchar(255), "escape_pod" boolean, "pseudopod" boolean, "podcastle" boolean, "recurring" boolean, "created_at" datetime, "updated_at" datetime) [0m
  [4;35;1mSQL (0.6ms)[0m   [0m SELECT name
 FROM sqlite_master
 WHERE type = 'table' AND NOT name = 'sqlite_sequence'
[0m
  [4;36;1mSQL (61.6ms)[0m   [0;1mCREATE TABLE "schema_migrations" ("version" varchar(255) NOT NULL) [0m
  [4;35;1mSQL (23.9ms)[0m   [0mCREATE UNIQUE INDEX "unique_schema_migrations" ON "schema_migrations" ("version")[0m
  [4;36;1mSQL (0.4ms)[0m   [0;1m SELECT name
 FROM sqlite_master
 WHERE type = 'table' AND NOT name = 'sqlite_sequence'
[0m
  [4;35;1mSQL (0.2ms)[0m   [0mSELECT version FROM "schema_migrations"[0m
  [4;36;1mSQL (4.5ms)[0m   [0;1mINSERT INTO "schema_migrations" (version) VALUES ('20091024164002')[0m


Processing DonationsController#new (for 127.0.0.1 at 2009-10-24 12:48:23) [GET]
Rendering donations/new

ActionView::TemplateError (undefined method `donations_path' for #<ActionView::Base:0x99e4554>) on line #4 of app/views/donations/new.haml:
1: %html
2:   %body
3:     %h1 Support Escape Artists!
4:     -form_for @donation do |form|
5:       =form.label "Amount", :for => :amount

    haml (2.2.8) lib/haml/helpers/action_view_mods.rb:169:in `form_for_with_haml'
    app/views/donations/new.haml:4:in `_run_haml_app47views47donations47new46haml'
    haml (2.2.8) lib/haml/helpers/action_view_mods.rb:13:in `render_with_haml'
    haml (2.2.8) lib/sass/plugin/rails.rb:19:in `process'
    <internal:prelude>:8:in `synchronize'
    /usr/local/lib/ruby/1.9.1/webrick/httpserver.rb:111:in `service'
    /usr/local/lib/ruby/1.9.1/webrick/httpserver.rb:70:in `run'
    /usr/local/lib/ruby/1.9.1/webrick/server.rb:183:in `block in start_thread'

Rendered rescues/_trace (111.1ms)
Rendered rescues/_request_and_response (0.5ms)
Rendering rescues/layout (internal_server_error)


Processing DonationsController#new (for 127.0.0.1 at 2009-10-24 12:51:26) [GET]
Rendering donations/new

ActionView::TemplateError (undefined method `^' for "5":String) on line #4 of app/views/donations/new.haml:
1: %html
2:   %body
3:     %h1 Support Escape Artists!
4:     -form_for @donation do |form|
5:       =form.label "Amount", :for => :amount

    (eval):2:in `form_authenticity_token'
    haml (2.2.8) lib/haml/helpers/action_view_mods.rb:146:in `form_tag_with_haml'
    haml (2.2.8) lib/haml/helpers/action_view_mods.rb:169:in `form_for_with_haml'
    app/views/donations/new.haml:4:in `_run_haml_app47views47donations47new46haml'
    haml (2.2.8) lib/haml/helpers/action_view_mods.rb:13:in `render_with_haml'
    haml (2.2.8) lib/sass/plugin/rails.rb:19:in `process'
    <internal:prelude>:8:in `synchronize'
    /usr/local/lib/ruby/1.9.1/webrick/httpserver.rb:111:in `service'
    /usr/local/lib/ruby/1.9.1/webrick/httpserver.rb:70:in `run'
    /usr/local/lib/ruby/1.9.1/webrick/server.rb:183:in `block in start_thread'

Rendered rescues/_trace (90.7ms)
Rendered rescues/_request_and_response (1.3ms)
Rendering rescues/layout (internal_server_error)


Processing DonationsController#new (for 127.0.0.1 at 2009-10-24 14:51:11) [GET]
Rendering donations/new

ActionView::TemplateError (undefined method `^' for "5":String) on line #4 of app/views/donations/new.haml:
1: %html
2:   %body
3:     %h1 Support Escape Artists!
4:     -form_for @donation do |form|
5:       =form.label "Amount", :for => :amount

    (eval):2:in `form_authenticity_token'
    haml (2.2.8) lib/haml/helpers/action_view_mods.rb:146:in `form_tag_with_haml'
    haml (2.2.8) lib/haml/helpers/action_view_mods.rb:169:in `form_for_with_haml'
    app/views/donations/new.haml:4:in `_run_haml_app47views47donations47new46haml'
    haml (2.2.8) lib/haml/helpers/action_view_mods.rb:13:in `render_with_haml'
    haml (2.2.8) lib/sass/plugin/rails.rb:19:in `process'
    <internal:prelude>:8:in `synchronize'
    /usr/local/lib/ruby/1.9.1/webrick/httpserver.rb:111:in `service'
    /usr/local/lib/ruby/1.9.1/webrick/httpserver.rb:70:in `run'
    /usr/local/lib/ruby/1.9.1/webrick/server.rb:183:in `block in start_thread'

Rendered rescues/_trace (89.3ms)
Rendered rescues/_request_and_response (0.5ms)
Rendering rescues/layout (internal_server_error)


Processing DonationsController#new (for 127.0.0.1 at 2009-10-24 14:51:19) [GET]
Rendering donations/new

ActionView::TemplateError (undefined method `^' for "5":String) on line #4 of app/views/donations/new.haml:
1: %html
2:   %body
3:     %h1 Support Escape Artists!
4:     -form_for @donation do |form|
5:       =form.label "Amount", :for => :amount

    (eval):2:in `form_authenticity_token'
    haml (2.2.8) lib/haml/helpers/action_view_mods.rb:146:in `form_tag_with_haml'
    haml (2.2.8) lib/haml/helpers/action_view_mods.rb:169:in `form_for_with_haml'
    app/views/donations/new.haml:4:in `_run_haml_app47views47donations47new46haml'
    haml (2.2.8) lib/haml/helpers/action_view_mods.rb:13:in `render_with_haml'
    haml (2.2.8) lib/sass/plugin/rails.rb:19:in `process'
    <internal:prelude>:8:in `synchronize'
    /usr/local/lib/ruby/1.9.1/webrick/httpserver.rb:111:in `service'
    /usr/local/lib/ruby/1.9.1/webrick/httpserver.rb:70:in `run'
    /usr/local/lib/ruby/1.9.1/webrick/server.rb:183:in `block in start_thread'

Rendered rescues/_trace (142.3ms)
Rendered rescues/_request_and_response (0.3ms)
Rendering rescues/layout (internal_server_error)


Processing DonationsController#new (for 127.0.0.1 at 2009-10-24 15:08:09) [GET]
Rendering donations/new
Completed in 76ms (View: 71, DB: 0) | 200 OK [http://localhost/]


Processing DonationsController#new (for 127.0.0.1 at 2009-10-24 15:19:46) [GET]
Rendering donations/new
Completed in 20ms (View: 16, DB: 0) | 200 OK [http://localhost/]


Processing DonationsController#new (for 127.0.0.1 at 2009-10-24 15:21:12) [GET]
Rendering donations/new

ActionView::TemplateError (undefined method `amount' for #<Donation:0xaab7228>) on line #6 of app/views/donations/new.haml:
3:     %h1 Support Escape Artists!
4:     -form_for @donation do |form|
5:       =form.label :amount
6:       =form.text_field :amount

    app/views/donations/new.haml:6:in `block in _run_haml_app47views47donations47new46haml'
    haml (2.2.9) lib/haml/helpers/action_view_mods.rb:164:in `call'
    haml (2.2.9) lib/haml/helpers/action_view_mods.rb:164:in `block in form_for_with_haml'
    haml (2.2.9) lib/haml/helpers.rb:543:in `call'
    haml (2.2.9) lib/haml/helpers.rb:543:in `block in haml_bind_proc'
    haml (2.2.9) lib/haml/helpers/action_view_mods.rb:170:in `form_for_with_haml'
    app/views/donations/new.haml:4:in `_run_haml_app47views47donations47new46haml'
    haml (2.2.9) lib/haml/helpers/action_view_mods.rb:13:in `render_with_haml'
    haml (2.2.9) lib/sass/plugin/rails.rb:19:in `process'
    <internal:prelude>:8:in `synchronize'
    /usr/local/lib/ruby/1.9.1/webrick/httpserver.rb:111:in `service'
    /usr/local/lib/ruby/1.9.1/webrick/httpserver.rb:70:in `run'
    /usr/local/lib/ruby/1.9.1/webrick/server.rb:183:in `block in start_thread'

Rendered rescues/_trace (92.1ms)
Rendered rescues/_request_and_response (1.2ms)
Rendering rescues/layout (internal_server_error)
  [4;36;1mSQL (0.6ms)[0m   [0;1m SELECT name
 FROM sqlite_master
 WHERE type = 'table' AND NOT name = 'sqlite_sequence'
[0m
  [4;35;1mSQL (0.2ms)[0m   [0mSELECT version FROM schema_migrations[0m
  [4;36;1mSQL (0.1ms)[0m   [0;1mselect sqlite_version(*)[0m
  [4;35;1mSQL (0.2ms)[0m   [0m SELECT name
 FROM sqlite_master
 WHERE type = 'table' AND NOT name = 'sqlite_sequence'
[0m
  [4;36;1mSQL (14.2ms)[0m   [0;1mCREATE TABLE "donations" ("id" INTEGER PRIMARY KEY AUTOINCREMENT NOT NULL, "amount_cents" integer, "name" varchar(255), "email" varchar(255), "escape_pod" boolean, "pseudopod" boolean, "podcastle" boolean, "recurring" boolean, "created_at" datetime, "updated_at" datetime) [0m
  [4;35;1mSQL (0.2ms)[0m   [0m SELECT name
 FROM sqlite_master
 WHERE type = 'table' AND NOT name = 'sqlite_sequence'
[0m
  [4;36;1mSQL (306.0ms)[0m   [0;1mCREATE TABLE "schema_migrations" ("version" varchar(255) NOT NULL) [0m
  [4;35;1mSQL (141.1ms)[0m   [0mCREATE UNIQUE INDEX "unique_schema_migrations" ON "schema_migrations" ("version")[0m
  [4;36;1mSQL (0.6ms)[0m   [0;1m SELECT name
 FROM sqlite_master
 WHERE type = 'table' AND NOT name = 'sqlite_sequence'
[0m
  [4;35;1mSQL (0.6ms)[0m   [0mSELECT version FROM "schema_migrations"[0m
  [4;36;1mSQL (3.3ms)[0m   [0;1mINSERT INTO "schema_migrations" (version) VALUES ('20091024164002')[0m
  [4;36;1mSQL (0.6ms)[0m   [0;1m SELECT name
 FROM sqlite_master
 WHERE type = 'table' AND NOT name = 'sqlite_sequence'
[0m
  [4;35;1mSQL (0.2ms)[0m   [0mSELECT version FROM schema_migrations[0m
  [4;36;1mSQL (0.1ms)[0m   [0;1mselect sqlite_version(*)[0m
  [4;35;1mSQL (0.2ms)[0m   [0m SELECT name
 FROM sqlite_master
 WHERE type = 'table' AND NOT name = 'sqlite_sequence'
[0m
  [4;36;1mSQL (480.6ms)[0m   [0;1mCREATE TABLE "donations" ("id" INTEGER PRIMARY KEY AUTOINCREMENT NOT NULL, "amount_cents" integer, "name" varchar(255), "email" varchar(255), "escape_pod" boolean, "pseudopod" boolean, "podcastle" boolean, "recurring" boolean, "created_at" datetime, "updated_at" datetime) [0m
  [4;35;1mSQL (0.7ms)[0m   [0m SELECT name
 FROM sqlite_master
 WHERE type = 'table' AND NOT name = 'sqlite_sequence'
[0m
  [4;36;1mSQL (30.2ms)[0m   [0;1mCREATE TABLE "schema_migrations" ("version" varchar(255) NOT NULL) [0m
  [4;35;1mSQL (30.2ms)[0m   [0mCREATE UNIQUE INDEX "unique_schema_migrations" ON "schema_migrations" ("version")[0m
  [4;36;1mSQL (0.4ms)[0m   [0;1m SELECT name
 FROM sqlite_master
 WHERE type = 'table' AND NOT name = 'sqlite_sequence'
[0m
  [4;35;1mSQL (0.2ms)[0m   [0mSELECT version FROM "schema_migrations"[0m
  [4;36;1mSQL (33.1ms)[0m   [0;1mINSERT INTO "schema_migrations" (version) VALUES ('20091024164002')[0m
  [4;36;1mSQL (0.5ms)[0m   [0;1m SELECT name
 FROM sqlite_master
 WHERE type = 'table' AND NOT name = 'sqlite_sequence'
[0m
  [4;35;1mSQL (0.1ms)[0m   [0mSELECT version FROM schema_migrations[0m
  [4;36;1mSQL (0.1ms)[0m   [0;1mselect sqlite_version(*)[0m
  [4;35;1mSQL (0.1ms)[0m   [0m SELECT name
 FROM sqlite_master
 WHERE type = 'table' AND NOT name = 'sqlite_sequence'
[0m
  [4;36;1mSQL (77.3ms)[0m   [0;1mCREATE TABLE "donations" ("id" INTEGER PRIMARY KEY AUTOINCREMENT NOT NULL, "amount_cents" integer, "name" varchar(255), "email" varchar(255), "escape_pod" boolean, "pseudopod" boolean, "podcastle" boolean, "recurring" boolean, "created_at" datetime, "updated_at" datetime) [0m
  [4;35;1mSQL (0.4ms)[0m   [0m SELECT name
 FROM sqlite_master
 WHERE type = 'table' AND NOT name = 'sqlite_sequence'
[0m
  [4;36;1mSQL (30.0ms)[0m   [0;1mCREATE TABLE "schema_migrations" ("version" varchar(255) NOT NULL) [0m
  [4;35;1mSQL (17.1ms)[0m   [0mCREATE UNIQUE INDEX "unique_schema_migrations" ON "schema_migrations" ("version")[0m
  [4;36;1mSQL (0.4ms)[0m   [0;1m SELECT name
 FROM sqlite_master
 WHERE type = 'table' AND NOT name = 'sqlite_sequence'
[0m
  [4;35;1mSQL (0.2ms)[0m   [0mSELECT version FROM "schema_migrations"[0m
  [4;36;1mSQL (23.6ms)[0m   [0;1mINSERT INTO "schema_migrations" (version) VALUES ('20091024164002')[0m
  [4;36;1mSQL (0.5ms)[0m   [0;1m SELECT name
 FROM sqlite_master
 WHERE type = 'table' AND NOT name = 'sqlite_sequence'
[0m
  [4;35;1mSQL (0.9ms)[0m   [0mSELECT version FROM schema_migrations[0m
  [4;36;1mSQL (0.1ms)[0m   [0;1mselect sqlite_version(*)[0m
  [4;35;1mSQL (0.1ms)[0m   [0m SELECT name
 FROM sqlite_master
 WHERE type = 'table' AND NOT name = 'sqlite_sequence'
[0m
  [4;36;1mSQL (248.0ms)[0m   [0;1mCREATE TABLE "donations" ("id" INTEGER PRIMARY KEY AUTOINCREMENT NOT NULL, "amount_cents" integer, "name" varchar(255), "email" varchar(255), "escape_pod" boolean, "pseudopod" boolean, "podcastle" boolean, "recurring" boolean, "created_at" datetime, "updated_at" datetime) [0m
  [4;35;1mSQL (0.4ms)[0m   [0m SELECT name
 FROM sqlite_master
 WHERE type = 'table' AND NOT name = 'sqlite_sequence'
[0m
  [4;36;1mSQL (18.0ms)[0m   [0;1mCREATE TABLE "schema_migrations" ("version" varchar(255) NOT NULL) [0m
  [4;35;1mSQL (9.7ms)[0m   [0mCREATE UNIQUE INDEX "unique_schema_migrations" ON "schema_migrations" ("version")[0m
  [4;36;1mSQL (0.6ms)[0m   [0;1m SELECT name
 FROM sqlite_master
 WHERE type = 'table' AND NOT name = 'sqlite_sequence'
[0m
  [4;35;1mSQL (0.3ms)[0m   [0mSELECT version FROM "schema_migrations"[0m
  [4;36;1mSQL (6.4ms)[0m   [0;1mINSERT INTO "schema_migrations" (version) VALUES ('20091024164002')[0m


Processing DonationsController#new (for 127.0.0.1 at 2009-10-24 15:30:11) [GET]
Rendering donations/new

ActionView::TemplateError (undefined method `amount' for #<Donation:0xad17b1c>) on line #6 of app/views/donations/new.haml:
3:     %h1 Support Escape Artists!
4:     -form_for @donation do |form|
5:       =form.label :amount
6:       =form.text_field :amount

    app/views/donations/new.haml:6:in `block in _run_haml_app47views47donations47new46haml'
    haml (2.2.9) lib/haml/helpers/action_view_mods.rb:164:in `call'
    haml (2.2.9) lib/haml/helpers/action_view_mods.rb:164:in `block in form_for_with_haml'
    haml (2.2.9) lib/haml/helpers.rb:543:in `call'
    haml (2.2.9) lib/haml/helpers.rb:543:in `block in haml_bind_proc'
    haml (2.2.9) lib/haml/helpers/action_view_mods.rb:170:in `form_for_with_haml'
    app/views/donations/new.haml:4:in `_run_haml_app47views47donations47new46haml'
    haml (2.2.9) lib/haml/helpers/action_view_mods.rb:13:in `render_with_haml'
    haml (2.2.9) lib/sass/plugin/rails.rb:19:in `process'
    <internal:prelude>:8:in `synchronize'
    /usr/local/lib/ruby/1.9.1/webrick/httpserver.rb:111:in `service'
    /usr/local/lib/ruby/1.9.1/webrick/httpserver.rb:70:in `run'
    /usr/local/lib/ruby/1.9.1/webrick/server.rb:183:in `block in start_thread'

Rendered rescues/_trace (121.2ms)
Rendered rescues/_request_and_response (0.3ms)
Rendering rescues/layout (internal_server_error)


Processing DonationsController#new (for 127.0.0.1 at 2009-10-24 15:30:48) [GET]
Rendering donations/new
Completed in 45ms (View: 39, DB: 0) | 200 OK [http://localhost/]
  [4;36;1mSQL (0.6ms)[0m   [0;1m SELECT name
 FROM sqlite_master
 WHERE type = 'table' AND NOT name = 'sqlite_sequence'
[0m
  [4;35;1mSQL (0.1ms)[0m   [0mSELECT version FROM schema_migrations[0m
  [4;36;1mSQL (0.1ms)[0m   [0;1mselect sqlite_version(*)[0m
  [4;35;1mSQL (0.1ms)[0m   [0m SELECT name
 FROM sqlite_master
 WHERE type = 'table' AND NOT name = 'sqlite_sequence'
[0m
  [4;36;1mSQL (84.2ms)[0m   [0;1mCREATE TABLE "donations" ("id" INTEGER PRIMARY KEY AUTOINCREMENT NOT NULL, "amount_cents" integer, "name" varchar(255), "email" varchar(255), "escape_pod" boolean, "pseudopod" boolean, "podcastle" boolean, "recurring" boolean, "created_at" datetime, "updated_at" datetime) [0m
  [4;35;1mSQL (0.3ms)[0m   [0m SELECT name
 FROM sqlite_master
 WHERE type = 'table' AND NOT name = 'sqlite_sequence'
[0m
  [4;36;1mSQL (2.8ms)[0m   [0;1mCREATE TABLE "schema_migrations" ("version" varchar(255) NOT NULL) [0m
  [4;35;1mSQL (35.4ms)[0m   [0mCREATE UNIQUE INDEX "unique_schema_migrations" ON "schema_migrations" ("version")[0m
  [4;36;1mSQL (0.4ms)[0m   [0;1m SELECT name
 FROM sqlite_master
 WHERE type = 'table' AND NOT name = 'sqlite_sequence'
[0m
  [4;35;1mSQL (0.2ms)[0m   [0mSELECT version FROM "schema_migrations"[0m
  [4;36;1mSQL (11.4ms)[0m   [0;1mINSERT INTO "schema_migrations" (version) VALUES ('20091024164002')[0m
  [4;36;1mSQL (0.5ms)[0m   [0;1m SELECT name
 FROM sqlite_master
 WHERE type = 'table' AND NOT name = 'sqlite_sequence'
[0m
  [4;35;1mSQL (0.1ms)[0m   [0mSELECT version FROM schema_migrations[0m
  [4;36;1mSQL (0.1ms)[0m   [0;1mselect sqlite_version(*)[0m
  [4;35;1mSQL (0.2ms)[0m   [0m SELECT name
 FROM sqlite_master
 WHERE type = 'table' AND NOT name = 'sqlite_sequence'
[0m
  [4;36;1mSQL (17.8ms)[0m   [0;1mCREATE TABLE "donations" ("id" INTEGER PRIMARY KEY AUTOINCREMENT NOT NULL, "amount_cents" integer, "name" varchar(255), "email" varchar(255), "escape_pod" boolean, "pseudopod" boolean, "podcastle" boolean, "recurring" boolean, "created_at" datetime, "updated_at" datetime) [0m
  [4;35;1mSQL (0.2ms)[0m   [0m SELECT name
 FROM sqlite_master
 WHERE type = 'table' AND NOT name = 'sqlite_sequence'
[0m
  [4;36;1mSQL (34.3ms)[0m   [0;1mCREATE TABLE "schema_migrations" ("version" varchar(255) NOT NULL) [0m
  [4;35;1mSQL (8.5ms)[0m   [0mCREATE UNIQUE INDEX "unique_schema_migrations" ON "schema_migrations" ("version")[0m
  [4;36;1mSQL (0.2ms)[0m   [0;1m SELECT name
 FROM sqlite_master
 WHERE type = 'table' AND NOT name = 'sqlite_sequence'
[0m
  [4;35;1mSQL (0.1ms)[0m   [0mSELECT version FROM "schema_migrations"[0m
  [4;36;1mSQL (16.6ms)[0m   [0;1mINSERT INTO "schema_migrations" (version) VALUES ('20091024164002')[0m
  [4;36;1mSQL (0.5ms)[0m   [0;1m SELECT name
 FROM sqlite_master
 WHERE type = 'table' AND NOT name = 'sqlite_sequence'
[0m
  [4;35;1mSQL (0.1ms)[0m   [0mSELECT version FROM schema_migrations[0m
  [4;36;1mSQL (0.1ms)[0m   [0;1mselect sqlite_version(*)[0m
  [4;35;1mSQL (0.1ms)[0m   [0m SELECT name
 FROM sqlite_master
 WHERE type = 'table' AND NOT name = 'sqlite_sequence'
[0m
  [4;36;1mSQL (20.5ms)[0m   [0;1mCREATE TABLE "donations" ("id" INTEGER PRIMARY KEY AUTOINCREMENT NOT NULL, "amount_cents" integer, "name" varchar(255), "email" varchar(255), "escape_pod" boolean, "pseudopod" boolean, "podcastle" boolean, "recurring" boolean, "created_at" datetime, "updated_at" datetime) [0m
  [4;35;1mSQL (0.2ms)[0m   [0m SELECT name
 FROM sqlite_master
 WHERE type = 'table' AND NOT name = 'sqlite_sequence'
[0m
  [4;36;1mSQL (1.9ms)[0m   [0;1mCREATE TABLE "schema_migrations" ("version" varchar(255) NOT NULL) [0m
  [4;35;1mSQL (3.2ms)[0m   [0mCREATE UNIQUE INDEX "unique_schema_migrations" ON "schema_migrations" ("version")[0m
  [4;36;1mSQL (0.4ms)[0m   [0;1m SELECT name
 FROM sqlite_master
 WHERE type = 'table' AND NOT name = 'sqlite_sequence'
[0m
  [4;35;1mSQL (0.1ms)[0m   [0mSELECT version FROM "schema_migrations"[0m
  [4;36;1mSQL (14.7ms)[0m   [0;1mINSERT INTO "schema_migrations" (version) VALUES ('20091024164002')[0m


Processing DonationsController#new (for 127.0.0.1 at 2009-10-24 15:36:25) [GET]
Rendering donations/new
Completed in 9ms (View: 4, DB: 0) | 200 OK [http://localhost/]
  [4;36;1mSQL (0.6ms)[0m   [0;1m SELECT name
 FROM sqlite_master
 WHERE type = 'table' AND NOT name = 'sqlite_sequence'
[0m
  [4;35;1mSQL (0.1ms)[0m   [0mSELECT version FROM schema_migrations[0m
  [4;36;1mSQL (0.1ms)[0m   [0;1mselect sqlite_version(*)[0m
  [4;35;1mSQL (0.2ms)[0m   [0m SELECT name
 FROM sqlite_master
 WHERE type = 'table' AND NOT name = 'sqlite_sequence'
[0m
  [4;36;1mSQL (15.5ms)[0m   [0;1mCREATE TABLE "donations" ("id" INTEGER PRIMARY KEY AUTOINCREMENT NOT NULL, "amount_cents" integer, "name" varchar(255), "email" varchar(255), "escape_pod" boolean, "pseudopod" boolean, "podcastle" boolean, "recurring" boolean, "created_at" datetime, "updated_at" datetime) [0m
  [4;35;1mSQL (0.2ms)[0m   [0m SELECT name
 FROM sqlite_master
 WHERE type = 'table' AND NOT name = 'sqlite_sequence'
[0m
  [4;36;1mSQL (3.2ms)[0m   [0;1mCREATE TABLE "schema_migrations" ("version" varchar(255) NOT NULL) [0m
  [4;35;1mSQL (5.6ms)[0m   [0mCREATE UNIQUE INDEX "unique_schema_migrations" ON "schema_migrations" ("version")[0m
  [4;36;1mSQL (0.2ms)[0m   [0;1m SELECT name
 FROM sqlite_master
 WHERE type = 'table' AND NOT name = 'sqlite_sequence'
[0m
  [4;35;1mSQL (0.1ms)[0m   [0mSELECT version FROM "schema_migrations"[0m
  [4;36;1mSQL (2.9ms)[0m   [0;1mINSERT INTO "schema_migrations" (version) VALUES ('20091024164002')[0m
  [4;36;1mSQL (0.6ms)[0m   [0;1m SELECT name
 FROM sqlite_master
 WHERE type = 'table' AND NOT name = 'sqlite_sequence'
[0m
  [4;35;1mSQL (0.2ms)[0m   [0mSELECT version FROM schema_migrations[0m
  [4;36;1mSQL (0.1ms)[0m   [0;1mselect sqlite_version(*)[0m
  [4;35;1mSQL (0.2ms)[0m   [0m SELECT name
 FROM sqlite_master
 WHERE type = 'table' AND NOT name = 'sqlite_sequence'
[0m
  [4;36;1mSQL (235.2ms)[0m   [0;1mCREATE TABLE "donations" ("id" INTEGER PRIMARY KEY AUTOINCREMENT NOT NULL, "amount_cents" integer, "name" varchar(255), "email" varchar(255), "escape_pod" boolean, "pseudopod" boolean, "podcastle" boolean, "recurring" boolean, "created_at" datetime, "updated_at" datetime) [0m
  [4;35;1mSQL (0.4ms)[0m   [0m SELECT name
 FROM sqlite_master
 WHERE type = 'table' AND NOT name = 'sqlite_sequence'
[0m
  [4;36;1mSQL (20.9ms)[0m   [0;1mCREATE TABLE "schema_migrations" ("version" varchar(255) NOT NULL) [0m
  [4;35;1mSQL (37.1ms)[0m   [0mCREATE UNIQUE INDEX "unique_schema_migrations" ON "schema_migrations" ("version")[0m
  [4;36;1mSQL (0.4ms)[0m   [0;1m SELECT name
 FROM sqlite_master
 WHERE type = 'table' AND NOT name = 'sqlite_sequence'
[0m
  [4;35;1mSQL (0.2ms)[0m   [0mSELECT version FROM "schema_migrations"[0m
  [4;36;1mSQL (27.0ms)[0m   [0;1mINSERT INTO "schema_migrations" (version) VALUES ('20091024164002')[0m
  [4;36;1mSQL (0.5ms)[0m   [0;1m SELECT name
 FROM sqlite_master
 WHERE type = 'table' AND NOT name = 'sqlite_sequence'
[0m
  [4;35;1mSQL (0.1ms)[0m   [0mSELECT version FROM schema_migrations[0m
  [4;36;1mSQL (0.1ms)[0m   [0;1mselect sqlite_version(*)[0m
  [4;35;1mSQL (0.2ms)[0m   [0m SELECT name
 FROM sqlite_master
 WHERE type = 'table' AND NOT name = 'sqlite_sequence'
[0m
  [4;36;1mSQL (21.0ms)[0m   [0;1mCREATE TABLE "donations" ("id" INTEGER PRIMARY KEY AUTOINCREMENT NOT NULL, "amount_cents" integer, "name" varchar(255), "email" varchar(255), "escape_pod" boolean, "pseudopod" boolean, "podcastle" boolean, "recurring" boolean, "created_at" datetime, "updated_at" datetime) [0m
  [4;35;1mSQL (0.2ms)[0m   [0m SELECT name
 FROM sqlite_master
 WHERE type = 'table' AND NOT name = 'sqlite_sequence'
[0m
  [4;36;1mSQL (9.6ms)[0m   [0;1mCREATE TABLE "schema_migrations" ("version" varchar(255) NOT NULL) [0m
  [4;35;1mSQL (10.3ms)[0m   [0mCREATE UNIQUE INDEX "unique_schema_migrations" ON "schema_migrations" ("version")[0m
  [4;36;1mSQL (0.2ms)[0m   [0;1m SELECT name
 FROM sqlite_master
 WHERE type = 'table' AND NOT name = 'sqlite_sequence'
[0m
  [4;35;1mSQL (0.1ms)[0m   [0mSELECT version FROM "schema_migrations"[0m
  [4;36;1mSQL (2.2ms)[0m   [0;1mINSERT INTO "schema_migrations" (version) VALUES ('20091024164002')[0m
  [4;36;1mSQL (0.5ms)[0m   [0;1m SELECT name
 FROM sqlite_master
 WHERE type = 'table' AND NOT name = 'sqlite_sequence'
[0m
  [4;35;1mSQL (0.2ms)[0m   [0mSELECT version FROM schema_migrations[0m
  [4;36;1mSQL (0.1ms)[0m   [0;1mselect sqlite_version(*)[0m
  [4;35;1mSQL (0.1ms)[0m   [0m SELECT name
 FROM sqlite_master
 WHERE type = 'table' AND NOT name = 'sqlite_sequence'
[0m
  [4;36;1mSQL (139.1ms)[0m   [0;1mCREATE TABLE "donations" ("id" INTEGER PRIMARY KEY AUTOINCREMENT NOT NULL, "amount_cents" integer, "name" varchar(255), "email" varchar(255), "escape_pod" boolean, "pseudopod" boolean, "podcastle" boolean, "recurring" boolean, "created_at" datetime, "updated_at" datetime) [0m
  [4;35;1mSQL (0.4ms)[0m   [0m SELECT name
 FROM sqlite_master
 WHERE type = 'table' AND NOT name = 'sqlite_sequence'
[0m
  [4;36;1mSQL (8.7ms)[0m   [0;1mCREATE TABLE "schema_migrations" ("version" varchar(255) NOT NULL) [0m
  [4;35;1mSQL (39.7ms)[0m   [0mCREATE UNIQUE INDEX "unique_schema_migrations" ON "schema_migrations" ("version")[0m
  [4;36;1mSQL (0.4ms)[0m   [0;1m SELECT name
 FROM sqlite_master
 WHERE type = 'table' AND NOT name = 'sqlite_sequence'
[0m
  [4;35;1mSQL (0.2ms)[0m   [0mSELECT version FROM "schema_migrations"[0m
  [4;36;1mSQL (21.9ms)[0m   [0;1mINSERT INTO "schema_migrations" (version) VALUES ('20091024164002')[0m
  [4;36;1mSQL (0.6ms)[0m   [0;1m SELECT name
 FROM sqlite_master
 WHERE type = 'table' AND NOT name = 'sqlite_sequence'
[0m
  [4;35;1mSQL (1.0ms)[0m   [0mSELECT version FROM schema_migrations[0m
  [4;36;1mSQL (0.1ms)[0m   [0;1mselect sqlite_version(*)[0m
  [4;35;1mSQL (0.2ms)[0m   [0m SELECT name
 FROM sqlite_master
 WHERE type = 'table' AND NOT name = 'sqlite_sequence'
[0m
  [4;36;1mSQL (629.8ms)[0m   [0;1mCREATE TABLE "donations" ("id" INTEGER PRIMARY KEY AUTOINCREMENT NOT NULL, "amount_cents" integer, "name" varchar(255), "email" varchar(255), "escape_pod" boolean, "pseudopod" boolean, "podcastle" boolean, "recurring" boolean, "created_at" datetime, "updated_at" datetime) [0m
  [4;35;1mSQL (0.5ms)[0m   [0m SELECT name
 FROM sqlite_master
 WHERE type = 'table' AND NOT name = 'sqlite_sequence'
[0m
  [4;36;1mSQL (40.3ms)[0m   [0;1mCREATE TABLE "schema_migrations" ("version" varchar(255) NOT NULL) [0m
  [4;35;1mSQL (17.2ms)[0m   [0mCREATE UNIQUE INDEX "unique_schema_migrations" ON "schema_migrations" ("version")[0m
  [4;36;1mSQL (0.5ms)[0m   [0;1m SELECT name
 FROM sqlite_master
 WHERE type = 'table' AND NOT name = 'sqlite_sequence'
[0m
  [4;35;1mSQL (0.4ms)[0m   [0mSELECT version FROM "schema_migrations"[0m
  [4;36;1mSQL (16.7ms)[0m   [0;1mINSERT INTO "schema_migrations" (version) VALUES ('20091024164002')[0m
